2026-05-04 10:06:16,091 [INFO] tarzan: Tarzan v3.0 starting...
2026-05-04 10:06:16,573 [INFO] numexpr.utils: Note: NumExpr detected 14 cores but "NUMEXPR_MAX_THREADS" not set, so enforcing safe limit of 8.
2026-05-04 10:06:16,573 [INFO] numexpr.utils: NumExpr defaulting to 8 threads.
2026-05-04 10:06:16,801 [INFO] tarzan.orchestrator: Loading holdings...
2026-05-04 10:06:16,803 [INFO] tarzan.data.loader: Loaded 10 holdings from input/sample/sample_holdings.csv
2026-05-04 10:06:16,803 [INFO] tarzan.orchestrator: Loaded 10 holdings
2026-05-04 10:06:16,806 [INFO] tarzan.orchestrator: Config loaded (threshold=2.5%)
2026-05-04 10:06:17,144 [INFO] tarzan.orchestrator: Enriching holdings (period=5y)...
2026-05-04 10:06:17,144 [INFO] tarzan.data.enricher: Enriching 10 holdings (max 8 workers)...
2026-05-04 10:06:17,228 [DEBUG] tarzan.data.enricher: Cache hit for IBTM.L
2026-05-04 10:06:17,228 [DEBUG] tarzan.data.enricher: Cache hit for EUNL.DE
2026-05-04 10:06:17,228 [DEBUG] tarzan.data.enricher: Cache hit for CNKY.L
2026-05-04 10:06:17,229 [DEBUG] yfinance: Entering history()
2026-05-04 10:06:17,229 [DEBUG] tarzan.data.enricher: Cache hit for XMME.DE
2026-05-04 10:06:17,229 [DEBUG] tarzan.data.enricher: Cache hit for IEAG.L
2026-05-04 10:06:17,229 [DEBUG] tarzan.data.enricher: Cache hit for VWCE.DE
2026-05-04 10:06:17,229 [DEBUG] tarzan.data.enricher: Cache hit for CSPX.L
2026-05-04 10:06:17,229 [DEBUG] tarzan.data.enricher: Cache hit for VERX.DE
2026-05-04 10:06:17,229 [DEBUG] tarzan.data.enricher: Rescaling GBp prices to GBP (divide by 100)
2026-05-04 10:06:17,231 [DEBUG] yfinance: Entering history()
2026-05-04 10:06:17,231 [DEBUG] yfinance: Entering history()
2026-05-04 10:06:17,232 [DEBUG] tarzan.data.enricher: Cache hit for SGLD.L
2026-05-04 10:06:17,232 [DEBUG] yfinance: Entering history()
2026-05-04 10:06:17,232 [DEBUG] tarzan.data.enricher: Cache hit for CASH-EUR
2026-05-04 10:06:17,232 [DEBUG] peewee: ('CREATE TABLE IF NOT EXISTS "_tz_kv" ("key" VARCHAR(255) NOT NULL PRIMARY KEY, "value" VARCHAR(255)) WITHOUT ROWID', [])
2026-05-04 10:06:17,233 [DEBUG] peewee: ('SELECT "t1"."key", "t1"."value" FROM "_tz_kv" AS "t1" WHERE ("t1"."key" = ?) LIMIT ? OFFSET ?', ['GBPEUR=X', 1, 0])
2026-05-04 10:06:17,233 [DEBUG] yfinance:  Entering history()
2026-05-04 10:06:17,233 [DEBUG] yfinance: GBPEUR=X: Yahoo GET parameters: {'range': '5y', 'interval': '1d', 'includePrePost': False, 'events': 'div,splits,capitalGains'}
2026-05-04 10:06:17,233 [DEBUG] peewee: ('CREATE TABLE IF NOT EXISTS "_tz_kv" ("key" VARCHAR(255) NOT NULL PRIMARY KEY, "value" VARCHAR(255)) WITHOUT ROWID', [])
2026-05-04 10:06:17,233 [DEBUG] yfinance:   Entering get()
2026-05-04 10:06:17,233 [DEBUG] yfinance:    Entering _make_request()
2026-05-04 10:06:17,233 [DEBUG] peewee: ('SELECT "t1"."key", "t1"."value" FROM "_tz_kv" AS "t1" WHERE ("t1"."key" = ?) LIMIT ? OFFSET ?', ['USDEUR=X', 1, 0])
2026-05-04 10:06:17,233 [DEBUG] yfinance: url=https://query2.finance.yahoo.com/v8/finance/chart/GBPEUR=X
2026-05-04 10:06:17,233 [DEBUG] peewee: ('CREATE TABLE IF NOT EXISTS "_tz_kv" ("key" VARCHAR(255) NOT NULL PRIMARY KEY, "value" VARCHAR(255)) WITHOUT ROWID', [])
2026-05-04 10:06:17,233 [DEBUG] yfinance:  Entering history()
2026-05-04 10:06:17,233 [DEBUG] yfinance: params={'range': '5y', 'interval': '1d', 'includePrePost': False, 'events': 'div,splits,capitalGains'}
2026-05-04 10:06:17,234 [DEBUG] yfinance: USDEUR=X: Yahoo GET parameters: {'range': '5y', 'interval': '1d', 'includePrePost': False, 'events': 'div,splits,capitalGains'}
2026-05-04 10:06:17,234 [DEBUG] peewee: ('SELECT "t1"."key", "t1"."value" FROM "_tz_kv" AS "t1" WHERE ("t1"."key" = ?) LIMIT ? OFFSET ?', ['GBPEUR=X', 1, 0])
2026-05-04 10:06:17,234 [DEBUG] peewee: ('CREATE TABLE IF NOT EXISTS "_tz_kv" ("key" VARCHAR(255) NOT NULL PRIMARY KEY, "value" VARCHAR(255)) WITHOUT ROWID', [])
2026-05-04 10:06:17,234 [DEBUG] yfinance:     Entering _get_cookie_and_crumb()
2026-05-04 10:06:17,234 [DEBUG] yfinance:   Entering get()
2026-05-04 10:06:17,234 [DEBUG] yfinance:  Entering history()
2026-05-04 10:06:17,234 [DEBUG] yfinance: cookie_mode = 'basic'
2026-05-04 10:06:17,234 [DEBUG] peewee: ('SELECT "t1"."key", "t1"."value" FROM "_tz_kv" AS "t1" WHERE ("t1"."key" = ?) LIMIT ? OFFSET ?', ['USDEUR=X', 1, 0])
2026-05-04 10:06:17,234 [DEBUG] yfinance:    Entering _make_request()
2026-05-04 10:06:17,234 [DEBUG] yfinance: GBPEUR=X: Yahoo GET parameters: {'range': '5y', 'interval': '1d', 'includePrePost': False, 'events': 'div,splits,capitalGains'}
2026-05-04 10:06:17,234 [DEBUG] yfinance:   Entering get()
2026-05-04 10:06:17,234 [DEBUG] yfinance:      Entering _get_cookie_and_crumb_basic()
2026-05-04 10:06:17,234 [DEBUG] yfinance:  Entering history()
2026-05-04 10:06:17,234 [DEBUG] yfinance:    Entering _make_request()
2026-05-04 10:06:17,234 [DEBUG] yfinance: url=https://query2.finance.yahoo.com/v8/finance/chart/USDEUR=X
2026-05-04 10:06:17,234 [DEBUG] yfinance:       Entering _get_cookie_basic()
2026-05-04 10:06:17,234 [DEBUG] yfinance: USDEUR=X: Yahoo GET parameters: {'range': '5y', 'interval': '1d', 'includePrePost': False, 'events': 'div,splits,capitalGains'}
2026-05-04 10:06:17,234 [DEBUG] yfinance: url=https://query2.finance.yahoo.com/v8/finance/chart/GBPEUR=X
2026-05-04 10:06:17,234 [DEBUG] yfinance: params={'range': '5y', 'interval': '1d', 'includePrePost': False, 'events': 'div,splits,capitalGains'}
2026-05-04 10:06:17,234 [DEBUG] yfinance:        Entering _load_cookie_curlCffi()
2026-05-04 10:06:17,234 [DEBUG] yfinance:   Entering get()
2026-05-04 10:06:17,234 [DEBUG] yfinance: params={'range': '5y', 'interval': '1d', 'includePrePost': False, 'events': 'div,splits,capitalGains'}
2026-05-04 10:06:17,234 [DEBUG] yfinance:     Entering _get_cookie_and_crumb()
2026-05-04 10:06:17,234 [DEBUG] yfinance:    Entering _make_request()
2026-05-04 10:06:17,234 [DEBUG] yfinance:     Entering _get_cookie_and_crumb()
2026-05-04 10:06:17,234 [DEBUG] yfinance: cookie_mode = 'basic'
2026-05-04 10:06:17,234 [DEBUG] yfinance: url=https://query2.finance.yahoo.com/v8/finance/chart/USDEUR=X
2026-05-04 10:06:17,235 [DEBUG] yfinance: cookie_mode = 'basic'
2026-05-04 10:06:17,235 [DEBUG] yfinance: params={'range': '5y', 'interval': '1d', 'includePrePost': False, 'events': 'div,splits,capitalGains'}
2026-05-04 10:06:17,235 [DEBUG] yfinance:     Entering _get_cookie_and_crumb()
2026-05-04 10:06:17,235 [DEBUG] yfinance: cookie_mode = 'basic'
2026-05-04 10:06:17,235 [DEBUG] peewee: ('CREATE TABLE IF NOT EXISTS "_cookieschema" ("strategy" VARCHAR(255) NOT NULL PRIMARY KEY, "fetch_date" DATETIME NOT NULL, "cookie_bytes" BLOB NOT NULL) WITHOUT ROWID', [])
2026-05-04 10:06:17,235 [DEBUG] peewee: ('SELECT "t1"."strategy", "t1"."fetch_date", "t1"."cookie_bytes" FROM "_cookieschema" AS "t1" WHERE ("t1"."strategy" = ?) LIMIT ? OFFSET ?', ['curlCffi', 1, 0])
2026-05-04 10:06:17,236 [DEBUG] yfinance:        Exiting _load_cookie_curlCffi()
2026-05-04 10:06:17,236 [DEBUG] yfinance: reusing persistent cookie
2026-05-04 10:06:17,236 [DEBUG] yfinance:       Exiting _get_cookie_basic()
2026-05-04 10:06:17,236 [DEBUG] yfinance:       Entering _get_crumb_basic()
2026-05-04 10:06:17,236 [DEBUG] yfinance:        Entering _get_cookie_basic()
2026-05-04 10:06:17,236 [DEBUG] yfinance: reusing cookie
2026-05-04 10:06:17,236 [DEBUG] yfinance:        Exiting _get_cookie_basic()
2026-05-04 10:06:17,534 [DEBUG] yfinance: crumb = 'XwpMrokaWaL'
2026-05-04 10:06:17,534 [DEBUG] yfinance:       Exiting _get_crumb_basic()
2026-05-04 10:06:17,534 [DEBUG] yfinance:      Exiting _get_cookie_and_crumb_basic()
2026-05-04 10:06:17,534 [DEBUG] yfinance:     Exiting _get_cookie_and_crumb()
2026-05-04 10:06:17,535 [DEBUG] yfinance:      Entering _get_cookie_and_crumb_basic()
2026-05-04 10:06:17,535 [DEBUG] yfinance:       Entering _get_cookie_basic()
2026-05-04 10:06:17,535 [DEBUG] yfinance: reusing cookie
2026-05-04 10:06:17,535 [DEBUG] yfinance:       Exiting _get_cookie_basic()
2026-05-04 10:06:17,535 [DEBUG] yfinance:       Entering _get_crumb_basic()
2026-05-04 10:06:17,535 [DEBUG] yfinance: reusing crumb
2026-05-04 10:06:17,535 [DEBUG] yfinance:       Exiting _get_crumb_basic()
2026-05-04 10:06:17,535 [DEBUG] yfinance:      Exiting _get_cookie_and_crumb_basic()
2026-05-04 10:06:17,535 [DEBUG] yfinance:     Exiting _get_cookie_and_crumb()
2026-05-04 10:06:17,535 [DEBUG] yfinance:      Entering _get_cookie_and_crumb_basic()
2026-05-04 10:06:17,535 [DEBUG] yfinance:       Entering _get_cookie_basic()
2026-05-04 10:06:17,535 [DEBUG] yfinance: reusing cookie
2026-05-04 10:06:17,535 [DEBUG] yfinance:       Exiting _get_cookie_basic()
2026-05-04 10:06:17,536 [DEBUG] yfinance:       Entering _get_crumb_basic()
2026-05-04 10:06:17,536 [DEBUG] yfinance: reusing crumb
2026-05-04 10:06:17,536 [DEBUG] yfinance:       Exiting _get_crumb_basic()
2026-05-04 10:06:17,536 [DEBUG] yfinance:      Exiting _get_cookie_and_crumb_basic()
2026-05-04 10:06:17,536 [DEBUG] yfinance:     Exiting _get_cookie_and_crumb()
2026-05-04 10:06:17,536 [DEBUG] yfinance:      Entering _get_cookie_and_crumb_basic()
2026-05-04 10:06:17,536 [DEBUG] yfinance:       Entering _get_cookie_basic()
2026-05-04 10:06:17,536 [DEBUG] yfinance: reusing cookie
2026-05-04 10:06:17,536 [DEBUG] yfinance:       Exiting _get_cookie_basic()
2026-05-04 10:06:17,536 [DEBUG] yfinance:       Entering _get_crumb_basic()
2026-05-04 10:06:17,536 [DEBUG] yfinance: reusing crumb
2026-05-04 10:06:17,536 [DEBUG] yfinance:       Exiting _get_crumb_basic()
2026-05-04 10:06:17,536 [DEBUG] yfinance:      Exiting _get_cookie_and_crumb_basic()
2026-05-04 10:06:17,536 [DEBUG] yfinance:     Exiting _get_cookie_and_crumb()
2026-05-04 10:06:17,756 [DEBUG] yfinance: get_raw_json(): https://query2.finance.yahoo.com/v10/finance/quoteSummary/CASH-EUR
2026-05-04 10:06:17,756 [DEBUG] yfinance: Entering get()
2026-05-04 10:06:17,756 [DEBUG] yfinance:  Entering _make_request()
2026-05-04 10:06:17,756 [DEBUG] yfinance: url=https://query2.finance.yahoo.com/v10/finance/quoteSummary/CASH-EUR
2026-05-04 10:06:17,756 [DEBUG] yfinance: params={'modules': 'financialData,quoteType,defaultKeyStatistics,assetProfile,summaryDetail', 'corsDomain': 'finance.yahoo.com', 'formatted': 'false', 'symbol': 'CASH-EUR'}
2026-05-04 10:06:17,756 [DEBUG] yfinance:   Entering _get_cookie_and_crumb()
2026-05-04 10:06:17,756 [DEBUG] yfinance: cookie_mode = 'basic'
2026-05-04 10:06:17,756 [DEBUG] yfinance:    Entering _get_cookie_and_crumb_basic()
2026-05-04 10:06:17,756 [DEBUG] yfinance:     Entering _get_cookie_basic()
2026-05-04 10:06:17,756 [DEBUG] yfinance: reusing cookie
2026-05-04 10:06:17,756 [DEBUG] yfinance:     Exiting _get_cookie_basic()
2026-05-04 10:06:17,756 [DEBUG] yfinance:     Entering _get_crumb_basic()
2026-05-04 10:06:17,756 [DEBUG] yfinance: reusing crumb
2026-05-04 10:06:17,756 [DEBUG] yfinance:     Exiting _get_crumb_basic()
2026-05-04 10:06:17,756 [DEBUG] yfinance:    Exiting _get_cookie_and_crumb_basic()
2026-05-04 10:06:17,756 [DEBUG] yfinance:   Exiting _get_cookie_and_crumb()
2026-05-04 10:06:17,820 [DEBUG] yfinance: response code=200
2026-05-04 10:06:17,820 [DEBUG] yfinance:    Exiting _make_request()
2026-05-04 10:06:17,820 [DEBUG] yfinance:   Exiting get()
2026-05-04 10:06:17,825 [DEBUG] yfinance: GBPEUR=X: yfinance received OHLC data: 2021-05-03 23:00:00 -> 2026-05-04 08:05:13
2026-05-04 10:06:17,825 [DEBUG] yfinance: response code=200
2026-05-04 10:06:17,825 [DEBUG] yfinance:    Exiting _make_request()
2026-05-04 10:06:17,825 [DEBUG] yfinance:   Exiting get()
2026-05-04 10:06:17,828 [DEBUG] yfinance: GBPEUR=X: yfinance received OHLC data: 2021-05-03 23:00:00 -> 2026-05-04 08:05:13
2026-05-04 10:06:17,828 [DEBUG] yfinance: response code=200
2026-05-04 10:06:17,828 [DEBUG] yfinance:    Exiting _make_request()
2026-05-04 10:06:17,828 [DEBUG] yfinance:   Exiting get()
2026-05-04 10:06:17,831 [DEBUG] yfinance: USDEUR=X: yfinance received OHLC data: 2021-05-03 23:00:00 -> 2026-05-04 08:06:13
2026-05-04 10:06:17,833 [DEBUG] yfinance: GBPEUR=X: OHLC after cleaning: 2021-05-04 00:00:00+01:00 -> 2026-05-04 09:05:13+01:00
2026-05-04 10:06:17,834 [DEBUG] yfinance: GBPEUR=X: OHLC after combining events: 2021-05-04 00:00:00+01:00 -> 2026-05-04 00:00:00+01:00
2026-05-04 10:06:17,835 [DEBUG] yfinance: USDEUR=X: OHLC after cleaning: 2021-05-04 00:00:00+01:00 -> 2026-05-04 09:06:13+01:00
2026-05-04 10:06:17,836 [DEBUG] yfinance: USDEUR=X: OHLC after combining events: 2021-05-04 00:00:00+01:00 -> 2026-05-04 00:00:00+01:00
2026-05-04 10:06:17,836 [DEBUG] yfinance: GBPEUR=X: OHLC after cleaning: 2021-05-04 00:00:00+01:00 -> 2026-05-04 09:05:13+01:00
2026-05-04 10:06:17,838 [DEBUG] yfinance: GBPEUR=X: OHLC after combining events: 2021-05-04 00:00:00+01:00 -> 2026-05-04 00:00:00+01:00
2026-05-04 10:06:17,844 [DEBUG] yfinance: GBPEUR=X: yfinance returning OHLC: 2021-05-04 00:00:00+01:00 -> 2026-05-04 00:00:00+01:00
2026-05-04 10:06:17,844 [DEBUG] yfinance:  Exiting history()
2026-05-04 10:06:17,844 [DEBUG] yfinance: Exiting history()
2026-05-04 10:06:17,845 [DEBUG] yfinance: USDEUR=X: yfinance returning OHLC: 2021-05-04 00:00:00+01:00 -> 2026-05-04 00:00:00+01:00
2026-05-04 10:06:17,846 [DEBUG] yfinance:  Exiting history()
2026-05-04 10:06:17,846 [DEBUG] yfinance: GBPEUR=X: yfinance returning OHLC: 2021-05-04 00:00:00+01:00 -> 2026-05-04 00:00:00+01:00
2026-05-04 10:06:17,846 [DEBUG] yfinance: Exiting history()
2026-05-04 10:06:17,846 [DEBUG] yfinance:  Exiting history()
2026-05-04 10:06:17,847 [DEBUG] yfinance: response code=200
2026-05-04 10:06:17,847 [DEBUG] yfinance: Exiting history()
2026-05-04 10:06:17,848 [DEBUG] yfinance:    Exiting _make_request()
2026-05-04 10:06:17,848 [DEBUG] yfinance:   Exiting get()
2026-05-04 10:06:17,850 [DEBUG] yfinance: USDEUR=X: yfinance received OHLC data: 2021-05-03 23:00:00 -> 2026-05-04 08:06:13
2026-05-04 10:06:17,851 [DEBUG] yfinance: USDEUR=X: OHLC after cleaning: 2021-05-04 00:00:00+01:00 -> 2026-05-04 09:06:13+01:00
2026-05-04 10:06:17,852 [DEBUG] yfinance: USDEUR=X: OHLC after combining events: 2021-05-04 00:00:00+01:00 -> 2026-05-04 00:00:00+01:00
2026-05-04 10:06:17,853 [DEBUG] yfinance: get_raw_json(): https://query2.finance.yahoo.com/v10/finance/quoteSummary/SGLD.L
2026-05-04 10:06:17,853 [DEBUG] yfinance: Entering get()
2026-05-04 10:06:17,854 [DEBUG] yfinance:  Entering _make_request()
2026-05-04 10:06:17,854 [DEBUG] yfinance: url=https://query2.finance.yahoo.com/v10/finance/quoteSummary/SGLD.L
2026-05-04 10:06:17,854 [DEBUG] yfinance: params={'modules': 'financialData,quoteType,defaultKeyStatistics,assetProfile,summaryDetail', 'corsDomain': 'finance.yahoo.com', 'formatted': 'false', 'symbol': 'SGLD.L'}
2026-05-04 10:06:17,854 [DEBUG] yfinance:   Entering _get_cookie_and_crumb()
2026-05-04 10:06:17,854 [DEBUG] yfinance: cookie_mode = 'basic'
2026-05-04 10:06:17,854 [DEBUG] yfinance:    Entering _get_cookie_and_crumb_basic()
2026-05-04 10:06:17,855 [DEBUG] yfinance:     Entering _get_cookie_basic()
2026-05-04 10:06:17,855 [DEBUG] yfinance: reusing cookie
2026-05-04 10:06:17,855 [DEBUG] yfinance:     Exiting _get_cookie_basic()
2026-05-04 10:06:17,855 [DEBUG] yfinance: USDEUR=X: yfinance returning OHLC: 2021-05-04 00:00:00+01:00 -> 2026-05-04 00:00:00+01:00
2026-05-04 10:06:17,855 [DEBUG] yfinance:     Entering _get_crumb_basic()
2026-05-04 10:06:17,855 [DEBUG] yfinance:  Exiting history()
2026-05-04 10:06:17,855 [DEBUG] yfinance: reusing crumb
2026-05-04 10:06:17,855 [DEBUG] yfinance: Exiting history()
2026-05-04 10:06:17,855 [DEBUG] yfinance:     Exiting _get_crumb_basic()
2026-05-04 10:06:17,855 [DEBUG] yfinance:    Exiting _get_cookie_and_crumb_basic()
2026-05-04 10:06:17,855 [DEBUG] yfinance:   Exiting _get_cookie_and_crumb()
2026-05-04 10:06:18,058 [DEBUG] yfinance: response code=200
2026-05-04 10:06:18,058 [DEBUG] yfinance: response code=200
2026-05-04 10:06:18,058 [DEBUG] yfinance:  Exiting _make_request()
2026-05-04 10:06:18,058 [DEBUG] yfinance:  Exiting _make_request()
2026-05-04 10:06:18,058 [DEBUG] yfinance: Exiting get()
2026-05-04 10:06:18,058 [DEBUG] yfinance: Exiting get()
2026-05-04 10:06:18,058 [DEBUG] yfinance: get_raw_json(): https://query1.finance.yahoo.com/v7/finance/quote?
2026-05-04 10:06:18,058 [DEBUG] yfinance: get_raw_json(): https://query1.finance.yahoo.com/v7/finance/quote?
2026-05-04 10:06:18,058 [DEBUG] yfinance: Entering get()
2026-05-04 10:06:18,058 [DEBUG] yfinance: Entering get()
2026-05-04 10:06:18,058 [DEBUG] yfinance:  Entering _make_request()
2026-05-04 10:06:18,058 [DEBUG] yfinance:  Entering _make_request()
2026-05-04 10:06:18,058 [DEBUG] yfinance: url=https://query1.finance.yahoo.com/v7/finance/quote?
2026-05-04 10:06:18,059 [DEBUG] yfinance: url=https://query1.finance.yahoo.com/v7/finance/quote?
2026-05-04 10:06:18,059 [DEBUG] yfinance: params={'symbols': 'SGLD.L', 'formatted': 'false'}
2026-05-04 10:06:18,059 [DEBUG] yfinance: params={'symbols': 'CASH-EUR', 'formatted': 'false'}
2026-05-04 10:06:18,059 [DEBUG] yfinance:   Entering _get_cookie_and_crumb()
2026-05-04 10:06:18,059 [DEBUG] yfinance:   Entering _get_cookie_and_crumb()
2026-05-04 10:06:18,059 [DEBUG] yfinance: cookie_mode = 'basic'
2026-05-04 10:06:18,059 [DEBUG] yfinance: cookie_mode = 'basic'
2026-05-04 10:06:18,059 [DEBUG] yfinance:    Entering _get_cookie_and_crumb_basic()
2026-05-04 10:06:18,059 [DEBUG] yfinance:     Entering _get_cookie_basic()
2026-05-04 10:06:18,059 [DEBUG] yfinance: reusing cookie
2026-05-04 10:06:18,059 [DEBUG] yfinance:     Exiting _get_cookie_basic()
2026-05-04 10:06:18,059 [DEBUG] yfinance:     Entering _get_crumb_basic()
2026-05-04 10:06:18,059 [DEBUG] yfinance: reusing crumb
2026-05-04 10:06:18,059 [DEBUG] yfinance:     Exiting _get_crumb_basic()
2026-05-04 10:06:18,059 [DEBUG] yfinance:    Exiting _get_cookie_and_crumb_basic()
2026-05-04 10:06:18,059 [DEBUG] yfinance:   Exiting _get_cookie_and_crumb()
2026-05-04 10:06:18,059 [DEBUG] yfinance:    Entering _get_cookie_and_crumb_basic()
2026-05-04 10:06:18,059 [DEBUG] yfinance:     Entering _get_cookie_basic()
2026-05-04 10:06:18,059 [DEBUG] yfinance: reusing cookie
2026-05-04 10:06:18,059 [DEBUG] yfinance:     Exiting _get_cookie_basic()
2026-05-04 10:06:18,059 [DEBUG] yfinance:     Entering _get_crumb_basic()
2026-05-04 10:06:18,059 [DEBUG] yfinance: reusing crumb
2026-05-04 10:06:18,059 [DEBUG] yfinance:     Exiting _get_crumb_basic()
2026-05-04 10:06:18,059 [DEBUG] yfinance:    Exiting _get_cookie_and_crumb_basic()
2026-05-04 10:06:18,059 [DEBUG] yfinance:   Exiting _get_cookie_and_crumb()
2026-05-04 10:06:18,216 [DEBUG] yfinance: response code=200
2026-05-04 10:06:18,216 [DEBUG] yfinance: response code=200
2026-05-04 10:06:18,216 [DEBUG] yfinance:  Exiting _make_request()
2026-05-04 10:06:18,216 [DEBUG] yfinance:  Exiting _make_request()
2026-05-04 10:06:18,216 [DEBUG] yfinance: Exiting get()
2026-05-04 10:06:18,216 [DEBUG] yfinance: Exiting get()
2026-05-04 10:06:18,217 [DEBUG] yfinance: Entering get()
2026-05-04 10:06:18,217 [DEBUG] yfinance: Entering get()
2026-05-04 10:06:18,217 [DEBUG] yfinance:  Entering _make_request()
2026-05-04 10:06:18,217 [DEBUG] yfinance:  Entering _make_request()
2026-05-04 10:06:18,217 [DEBUG] yfinance: url=https://query1.finance.yahoo.com/ws/fundamentals-timeseries/v1/finance/timeseries/SGLD.L?symbol=SGLD.L&type=trailingPegRatio&period1=1762128000&period2=1777939200
2026-05-04 10:06:18,217 [DEBUG] yfinance: url=https://query1.finance.yahoo.com/ws/fundamentals-timeseries/v1/finance/timeseries/CASH-EUR?symbol=CASH-EUR&type=trailingPegRatio&period1=1762128000&period2=1777939200
2026-05-04 10:06:18,217 [DEBUG] yfinance: params=None
2026-05-04 10:06:18,218 [DEBUG] yfinance: params=None
2026-05-04 10:06:18,218 [DEBUG] yfinance:   Entering _get_cookie_and_crumb()
2026-05-04 10:06:18,218 [DEBUG] yfinance:   Entering _get_cookie_and_crumb()
2026-05-04 10:06:18,218 [DEBUG] yfinance: cookie_mode = 'basic'
2026-05-04 10:06:18,218 [DEBUG] yfinance: cookie_mode = 'basic'
2026-05-04 10:06:18,218 [DEBUG] yfinance:    Entering _get_cookie_and_crumb_basic()
2026-05-04 10:06:18,218 [DEBUG] yfinance:     Entering _get_cookie_basic()
2026-05-04 10:06:18,218 [DEBUG] yfinance: reusing cookie
2026-05-04 10:06:18,218 [DEBUG] yfinance:     Exiting _get_cookie_basic()
2026-05-04 10:06:18,218 [DEBUG] yfinance:     Entering _get_crumb_basic()
2026-05-04 10:06:18,218 [DEBUG] yfinance: reusing crumb
2026-05-04 10:06:18,218 [DEBUG] yfinance:     Exiting _get_crumb_basic()
2026-05-04 10:06:18,218 [DEBUG] yfinance:    Exiting _get_cookie_and_crumb_basic()
2026-05-04 10:06:18,218 [DEBUG] yfinance:   Exiting _get_cookie_and_crumb()
2026-05-04 10:06:18,218 [DEBUG] yfinance:    Entering _get_cookie_and_crumb_basic()
2026-05-04 10:06:18,218 [DEBUG] yfinance:     Entering _get_cookie_basic()
2026-05-04 10:06:18,218 [DEBUG] yfinance: reusing cookie
2026-05-04 10:06:18,218 [DEBUG] yfinance:     Exiting _get_cookie_basic()
2026-05-04 10:06:18,218 [DEBUG] yfinance:     Entering _get_crumb_basic()
2026-05-04 10:06:18,218 [DEBUG] yfinance: reusing crumb
2026-05-04 10:06:18,218 [DEBUG] yfinance:     Exiting _get_crumb_basic()
2026-05-04 10:06:18,219 [DEBUG] yfinance:    Exiting _get_cookie_and_crumb_basic()
2026-05-04 10:06:18,219 [DEBUG] yfinance:   Exiting _get_cookie_and_crumb()
2026-05-04 10:06:18,468 [DEBUG] yfinance: response code=200
2026-05-04 10:06:18,468 [DEBUG] yfinance:  Exiting _make_request()
2026-05-04 10:06:18,468 [DEBUG] yfinance: Exiting get()
2026-05-04 10:06:18,468 [DEBUG] yfinance: response code=200
2026-05-04 10:06:18,468 [DEBUG] yfinance:  Exiting _make_request()
2026-05-04 10:06:18,468 [DEBUG] yfinance: Exiting get()
2026-05-04 10:06:18,470 [INFO] tarzan.data.geo_resolver: Loaded 58 rows from indexes.csv
2026-05-04 10:06:18,471 [INFO] tarzan.data.geo_resolver: Loaded 58 rows from indexes.csv
2026-05-04 10:06:18,473 [DEBUG] urllib3.connectionpool: Starting new HTTPS connection (1): www.justetf.com:443
2026-05-04 10:06:18,473 [DEBUG] urllib3.connectionpool: Starting new HTTPS connection (1): www.justetf.com:443
2026-05-04 10:06:18,595 [DEBUG] urllib3.connectionpool: https://www.justetf.com:443 "GET /en/etf-profile.html?isin=CASH-EUR HTTP/11" 302 0
2026-05-04 10:06:18,900 [DEBUG] urllib3.connectionpool: https://www.justetf.com:443 "GET /en/etf-profile.html?isin=IE00B579F325 HTTP/11" 200 None
2026-05-04 10:06:18,901 [DEBUG] urllib3.connectionpool: https://www.justetf.com:443 "GET /en/search.html?query=CASH-EUR&search=ETFS HTTP/11" 200 None
2026-05-04 10:06:18,929 [DEBUG] yfinance: get_raw_json(): https://query2.finance.yahoo.com/v10/finance/quoteSummary/CASH-EUR
2026-05-04 10:06:18,929 [DEBUG] yfinance: Entering get()
2026-05-04 10:06:18,929 [DEBUG] yfinance:  Entering _make_request()
2026-05-04 10:06:18,929 [DEBUG] yfinance: url=https://query2.finance.yahoo.com/v10/finance/quoteSummary/CASH-EUR
2026-05-04 10:06:18,929 [DEBUG] yfinance: params={'modules': 'quoteType,summaryProfile,topHoldings,fundProfile', 'corsDomain': 'finance.yahoo.com', 'symbol': 'CASH-EUR', 'formatted': 'false'}
2026-05-04 10:06:18,929 [DEBUG] yfinance:   Entering _get_cookie_and_crumb()
2026-05-04 10:06:18,929 [DEBUG] yfinance: cookie_mode = 'basic'
2026-05-04 10:06:18,929 [DEBUG] yfinance:    Entering _get_cookie_and_crumb_basic()
2026-05-04 10:06:18,929 [DEBUG] yfinance:     Entering _get_cookie_basic()
2026-05-04 10:06:18,929 [DEBUG] yfinance: reusing cookie
2026-05-04 10:06:18,929 [DEBUG] yfinance:     Exiting _get_cookie_basic()
2026-05-04 10:06:18,929 [DEBUG] yfinance:     Entering _get_crumb_basic()
2026-05-04 10:06:18,929 [DEBUG] yfinance: reusing crumb
2026-05-04 10:06:18,929 [DEBUG] yfinance:     Exiting _get_crumb_basic()
2026-05-04 10:06:18,929 [DEBUG] yfinance:    Exiting _get_cookie_and_crumb_basic()
2026-05-04 10:06:18,929 [DEBUG] yfinance:   Exiting _get_cookie_and_crumb()
2026-05-04 10:06:18,931 [DEBUG] yfinance: get_raw_json(): https://query2.finance.yahoo.com/v10/finance/quoteSummary/SGLD.L
2026-05-04 10:06:18,931 [DEBUG] yfinance: Entering get()
2026-05-04 10:06:18,931 [DEBUG] yfinance:  Entering _make_request()
2026-05-04 10:06:18,931 [DEBUG] yfinance: url=https://query2.finance.yahoo.com/v10/finance/quoteSummary/SGLD.L
2026-05-04 10:06:18,931 [DEBUG] yfinance: params={'modules': 'quoteType,summaryProfile,topHoldings,fundProfile', 'corsDomain': 'finance.yahoo.com', 'symbol': 'SGLD.L', 'formatted': 'false'}
2026-05-04 10:06:18,931 [DEBUG] yfinance:   Entering _get_cookie_and_crumb()
2026-05-04 10:06:18,931 [DEBUG] yfinance: cookie_mode = 'basic'
2026-05-04 10:06:18,931 [DEBUG] yfinance:    Entering _get_cookie_and_crumb_basic()
2026-05-04 10:06:18,931 [DEBUG] yfinance:     Entering _get_cookie_basic()
2026-05-04 10:06:18,931 [DEBUG] yfinance: reusing cookie
2026-05-04 10:06:18,931 [DEBUG] yfinance:     Exiting _get_cookie_basic()
2026-05-04 10:06:18,931 [DEBUG] yfinance:     Entering _get_crumb_basic()
2026-05-04 10:06:18,931 [DEBUG] yfinance: reusing crumb
2026-05-04 10:06:18,931 [DEBUG] yfinance:     Exiting _get_crumb_basic()
2026-05-04 10:06:18,931 [DEBUG] yfinance:    Exiting _get_cookie_and_crumb_basic()
2026-05-04 10:06:18,932 [DEBUG] yfinance:   Exiting _get_cookie_and_crumb()
2026-05-04 10:06:19,072 [DEBUG] yfinance: response code=200
2026-05-04 10:06:19,073 [DEBUG] yfinance:  Exiting _make_request()
2026-05-04 10:06:19,073 [DEBUG] yfinance: Exiting get()
2026-05-04 10:06:19,076 [DEBUG] yfinance: response code=200
2026-05-04 10:06:19,076 [DEBUG] yfinance:  Exiting _make_request()
2026-05-04 10:06:19,076 [DEBUG] yfinance: Exiting get()
2026-05-04 10:06:19,079 [INFO] tarzan.data.enricher: Enrichment complete. Total portfolio value: 80950.08 EUR
2026-05-04 10:06:19,079 [INFO] tarzan.orchestrator: Enriched 9/10 holdings
2026-05-04 10:06:19,079 [INFO] tarzan.orchestrator: Computing metrics...
2026-05-04 10:06:19,098 [DEBUG] tarzan.data.enricher: Cache hit for ^GSPC
2026-05-04 10:06:19,106 [DEBUG] tarzan.data.enricher: Cache hit for ^GSPC
2026-05-04 10:06:19,499 [INFO] tarzan.engine.rebalancer: No rebalancing solution within 2.0% max tolerance — portfolio is close enough given min_transaction constraint
2026-05-04 10:06:19,501 [DEBUG] tarzan.data.enricher: Cache hit for VWRL.L
2026-05-04 10:06:19,503 [DEBUG] tarzan.data.enricher: Cache hit for ^892400-USD-STRD
2026-05-04 10:06:19,505 [DEBUG] tarzan.data.enricher: Cache hit for EFA
2026-05-04 10:06:19,507 [DEBUG] tarzan.data.enricher: Cache hit for EEM
2026-05-04 10:06:19,510 [DEBUG] tarzan.data.enricher: Cache hit for ^990100-USD-STRD
2026-05-04 10:06:19,512 [DEBUG] tarzan.data.enricher: Cache hit for MTUM
2026-05-04 10:06:19,514 [DEBUG] tarzan.data.enricher: Cache hit for QUAL
2026-05-04 10:06:19,516 [DEBUG] tarzan.data.enricher: Cache hit for ^NDX
2026-05-04 10:06:19,517 [DEBUG] tarzan.data.enricher: Cache hit for ^GSPC
2026-05-04 10:06:19,520 [DEBUG] tarzan.data.enricher: Cache hit for AGG
2026-05-04 10:06:19,521 [DEBUG] tarzan.data.enricher: Cache hit for ^GSPC
2026-05-04 10:06:19,538 [DEBUG] tarzan.data.enricher: Cache hit for VWRL.L
2026-05-04 10:06:19,540 [DEBUG] tarzan.data.enricher: Cache hit for ^892400-USD-STRD
2026-05-04 10:06:19,543 [DEBUG] tarzan.data.enricher: Cache hit for EFA
2026-05-04 10:06:19,546 [DEBUG] tarzan.data.enricher: Cache hit for EEM
2026-05-04 10:06:19,548 [DEBUG] tarzan.data.enricher: Cache hit for ^990100-USD-STRD
2026-05-04 10:06:19,551 [DEBUG] tarzan.data.enricher: Cache hit for MTUM
2026-05-04 10:06:19,553 [DEBUG] tarzan.data.enricher: Cache hit for QUAL
2026-05-04 10:06:19,556 [DEBUG] tarzan.data.enricher: Cache hit for ^NDX
2026-05-04 10:06:19,558 [DEBUG] tarzan.data.enricher: Cache hit for ^GSPC
2026-05-04 10:06:19,561 [INFO] tarzan.orchestrator: Total portfolio value: €80950.08
2026-05-04 10:06:19,876 [INFO] tarzan.export.excel: Excel dashboard written to output/sample/portfolio_dashboard_20260504_1006.xlsx
2026-05-04 10:06:19,876 [INFO] tarzan: Dashboard saved to: output/sample/portfolio_dashboard_20260504_1006.xlsx
2026-05-04 10:06:19,876 [INFO] tarzan: Completed successfully.
